<?xml version="1.0" encoding="UTF-8"?>
<testng-results skipped="1" failed="0" total="1" passed="0">
  <reporter-output>
  </reporter-output>
  <suite name="Default suite" duration-ms="161" started-at="2018-01-12T12:58:55Z" finished-at="2018-01-12T12:58:55Z">
    <groups>
    </groups>
    <test name="Default test" duration-ms="161" started-at="2018-01-12T12:58:55Z" finished-at="2018-01-12T12:58:55Z">
      <class name="com.edureka.searchFunctionality.SearchAnythingWithLogin">
        <test-method status="FAIL" signature="setUp()[pri:0, instance:com.edureka.searchFunctionality.SearchAnythingWithLogin@4b4523f8]" name="setUp" is-config="true" duration-ms="0" started-at="2018-01-12T18:28:55Z" finished-at="2018-01-12T18:28:55Z">
          <exception class="java.lang.NullPointerException">
            <full-stacktrace>
              <![CDATA[java.lang.NullPointerException
	at com.edureka.util.DriverTestCase.setUp(DriverTestCase.java:115)
	at sun.reflect.NativeMethodAccessorImpl.invoke0(Native Method)
	at sun.reflect.NativeMethodAccessorImpl.invoke(NativeMethodAccessorImpl.java:62)
	at sun.reflect.DelegatingMethodAccessorImpl.invoke(DelegatingMethodAccessorImpl.java:43)
	at java.lang.reflect.Method.invoke(Method.java:498)
	at org.testng.internal.MethodInvocationHelper.invokeMethod(MethodInvocationHelper.java:85)
	at org.testng.internal.Invoker.invokeConfigurationMethod(Invoker.java:510)
	at org.testng.internal.Invoker.invokeConfigurations(Invoker.java:211)
	at org.testng.internal.Invoker.invokeConfigurations(Invoker.java:138)
	at org.testng.internal.TestMethodWorker.invokeBeforeClassMethods(TestMethodWorker.java:170)
	at org.testng.internal.TestMethodWorker.run(TestMethodWorker.java:104)
	at org.testng.TestRunner.privateRun(TestRunner.java:773)
	at org.testng.TestRunner.run(TestRunner.java:623)
	at org.testng.SuiteRunner.runTest(SuiteRunner.java:357)
	at org.testng.SuiteRunner.runSequentially(SuiteRunner.java:352)
	at org.testng.SuiteRunner.privateRun(SuiteRunner.java:310)
	at org.testng.SuiteRunner.run(SuiteRunner.java:259)
	at org.testng.SuiteRunnerWorker.runSuite(SuiteRunnerWorker.java:52)
	at org.testng.SuiteRunnerWorker.run(SuiteRunnerWorker.java:86)
	at org.testng.TestNG.runSuitesSequentially(TestNG.java:1185)
	at org.testng.TestNG.runSuitesLocally(TestNG.java:1110)
	at org.testng.TestNG.run(TestNG.java:1018)
	at org.testng.remote.AbstractRemoteTestNG.run(AbstractRemoteTestNG.java:114)
	at org.testng.remote.RemoteTestNG.initAndRun(RemoteTestNG.java:251)
	at org.testng.remote.RemoteTestNG.main(RemoteTestNG.java:77)
]]>
            </full-stacktrace>
          </exception> <!-- java.lang.NullPointerException -->
          <reporter-output>
          </reporter-output>
        </test-method> <!-- setUp -->
        <test-method status="SKIP" signature="test_005SearchAnythingWithLogin()[pri:0, instance:com.edureka.searchFunctionality.SearchAnythingWithLogin@4b4523f8]" name="test_005SearchAnythingWithLogin" duration-ms="2" started-at="2018-01-12T18:28:55Z" finished-at="2018-01-12T18:28:55Z">
          <reporter-output>
          </reporter-output>
        </test-method> <!-- test_005SearchAnythingWithLogin -->
        <test-method status="PASS" signature="tearDown()[pri:0, instance:com.edureka.searchFunctionality.SearchAnythingWithLogin@4b4523f8]" name="tearDown" is-config="true" duration-ms="78" started-at="2018-01-12T18:28:55Z" finished-at="2018-01-12T18:28:55Z">
          <reporter-output>
          </reporter-output>
        </test-method> <!-- tearDown -->
      </class> <!-- com.edureka.searchFunctionality.SearchAnythingWithLogin -->
    </test> <!-- Default test -->
  </suite> <!-- Default suite -->
</testng-results>
