<?xml version="1.0" encoding="UTF-8"?>
<testsuite name="POI scripts"
           tests="4"
           failures="0"
           errors="0"
           skipped="0"
           time="8.208">
  <properties />
  
  
            <testcase name="test_Publish_Poi_With_Blank_Token" time="2.254" classname="com.pointr.tests.poi.POI_Publish" />
                <testcase name="test_Publish_Poi_With_Invalid_Device_Identifier" time="2.068" classname="com.pointr.tests.poi.POI_Publish" />
                <testcase name="test_Publish_Poi_With_Invalid_Token" time="1.927" classname="com.pointr.tests.poi.POI_Publish" />
                <testcase name="test_Publish_Poi_With_Blank_Device_Identifier" time="1.959" classname="com.pointr.tests.poi.POI_Publish" />
      
</testsuite>
