<?xml version="1.0" encoding="UTF-8"?>
<!-- Generated by org.testng.reporters.JUnitXMLReporter -->
<testsuite hostname="360NDCPC038" name="Default test" tests="21" failures="0" timestamp="11 Oct 2017 12:23:35 GMT" time="12.643" errors="0">
  <testcase name="test06_Add_New_User" time="1.297" classname="com.pointr.configure.Users"/>
  <testcase name="test06_Add_New_User" time="0.483" classname="com.pointr.configure.Users"/>
  <testcase name="test06_Add_New_User" time="0.504" classname="com.pointr.configure.Users"/>
  <testcase name="test06_Add_New_User" time="0.477" classname="com.pointr.configure.Users"/>
  <testcase name="test06_Add_New_User" time="0.487" classname="com.pointr.configure.Users"/>
  <testcase name="test06_Add_New_User" time="0.48" classname="com.pointr.configure.Users"/>
  <testcase name="test06_Add_New_User" time="0.463" classname="com.pointr.configure.Users"/>
  <testcase name="test06_Add_New_User" time="0.496" classname="com.pointr.configure.Users"/>
  <testcase name="test06_Add_New_User" time="0.475" classname="com.pointr.configure.Users"/>
  <testcase name="test06_Add_New_User" time="0.485" classname="com.pointr.configure.Users"/>
  <testcase name="test06_Add_New_User" time="0.491" classname="com.pointr.configure.Users"/>
  <testcase name="test06_Add_New_User" time="0.491" classname="com.pointr.configure.Users"/>
  <testcase name="test06_Add_New_User" time="0.506" classname="com.pointr.configure.Users"/>
  <testcase name="test06_Add_New_User" time="0.466" classname="com.pointr.configure.Users"/>
  <testcase name="test06_Add_New_User" time="0.47" classname="com.pointr.configure.Users"/>
  <testcase name="test06_Add_New_User" time="0.472" classname="com.pointr.configure.Users"/>
  <testcase name="test06_Add_New_User" time="0.473" classname="com.pointr.configure.Users"/>
  <testcase name="test09_Add_New_User_When_Password_And_ConfirmPassword_DoesNotMatch" time="0.465" classname="com.pointr.configure.Users"/>
  <testcase name="test10_Edit_Password" time="0.951" classname="com.pointr.configure.Users"/>
  <testcase name="test11_Edit_Password_With_blank_Password_Field" time="0.941" classname="com.pointr.configure.Users"/>
  <testcase name="test12_Edit_Role" time="0.983" classname="com.pointr.configure.Users"/>
</testsuite> <!-- Default test -->
