<?xml version="1.0" encoding="UTF-8"?>
<testsuite xmlns:xsi="http://www.w3.org/2001/XMLSchema-instance" xsi:noNamespaceSchemaLocation="https://maven.apache.org/surefire/maven-surefire-plugin/xsd/surefire-test-report.xsd" name="TestSuite" time="20.513" tests="103" errors="0" skipped="102" failures="1">
  <properties>
[...]
</properties>
  <testcase name="setUp" classname="com.pointrlab.testscript.LoginScript" time="19.39">
    <failure message="unknown error: cannot get automation extension&#10;from unknown error: page could not be found: chrome-extension://aapnijgdinlhnhlmodcfapnahmbfebeb/_generated_background_page.html&#10;  (Session info: chrome=62.0.3202.94)&#10;  (Driver info: chromedriver=2.29.461591 (62ebf098771772160f391d75e589dc567915b233),platform=Windows NT 10.0.15063 x86_64) (WARNING: The server did not provide any stacktrace information)&#10;Command duration or timeout: 0 milliseconds&#10;Build info: version: &apos;3.5.1&apos;, revision: &apos;9c21bb67ef&apos;, time: &apos;2017-08-17T15:26:08.955Z&apos;&#10;System info: host: &apos;360NDCLP001&apos;, ip: &apos;192.168.8.89&apos;, os.name: &apos;Windows 10&apos;, os.arch: &apos;amd64&apos;, os.version: &apos;10.0&apos;, java.version: &apos;1.8.0_144&apos;&#10;Driver info: org.openqa.selenium.chrome.ChromeDriver&#10;Capabilities [{applicationCacheEnabled=false, rotatable=false, mobileEmulationEnabled=false, networkConnectionEnabled=false, chrome={chromedriverVersion=2.29.461591 (62ebf098771772160f391d75e589dc567915b233), userDataDir=C:\Users\ABHISH~1\AppData\Local\Temp\scoped_dir14424_557}, takesHeapSnapshot=true, pageLoadStrategy=normal, unhandledPromptBehavior=, databaseEnabled=false, handlesAlerts=true, hasTouchScreen=false, version=62.0.3202.94, platform=XP, browserConnectionEnabled=false, nativeEvents=true, acceptSslCerts=true, locationContextEnabled=true, webStorageEnabled=true, browserName=chrome, takesScreenshot=true, javascriptEnabled=true, cssSelectorsEnabled=true, unexpectedAlertBehaviour=}]&#10;Session ID: 7ef6c8a95e8b0e67107d50f86bde9f23" type="org.openqa.selenium.WebDriverException">org.openqa.selenium.WebDriverException: 
unknown error: cannot get automation extension
from unknown error: page could not be found: chrome-extension://aapnijgdinlhnhlmodcfapnahmbfebeb/_generated_background_page.html
  (Session info: chrome=62.0.3202.94)
  (Driver info: chromedriver=2.29.461591 (62ebf098771772160f391d75e589dc567915b233),platform=Windows NT 10.0.15063 x86_64) (WARNING: The server did not provide any stacktrace information)
Command duration or timeout: 0 milliseconds
Build info: version: '3.5.1', revision: '9c21bb67ef', time: '2017-08-17T15:26:08.955Z'
System info: host: '360NDCLP001', ip: '192.168.8.89', os.name: 'Windows 10', os.arch: 'amd64', os.version: '10.0', java.version: '1.8.0_144'
Driver info: org.openqa.selenium.chrome.ChromeDriver
Capabilities [{applicationCacheEnabled=false, rotatable=false, mobileEmulationEnabled=false, networkConnectionEnabled=false, chrome={chromedriverVersion=2.29.461591 (62ebf098771772160f391d75e589dc567915b233), userDataDir=C:\Users\ABHISH~1\AppData\Local\Temp\scoped_dir14424_557}, takesHeapSnapshot=true, pageLoadStrategy=normal, unhandledPromptBehavior=, databaseEnabled=false, handlesAlerts=true, hasTouchScreen=false, version=62.0.3202.94, platform=XP, browserConnectionEnabled=false, nativeEvents=true, acceptSslCerts=true, locationContextEnabled=true, webStorageEnabled=true, browserName=chrome, takesScreenshot=true, javascriptEnabled=true, cssSelectorsEnabled=true, unexpectedAlertBehaviour=}]
Session ID: 7ef6c8a95e8b0e67107d50f86bde9f23
</failure>
    <system-out><![CDATA[[TestNG] [Warn] Could not find reporte class : listenReport.Reporter
]]></system-out>
    <system-err><![CDATA[Starting ChromeDriver 2.29.461591 (62ebf098771772160f391d75e589dc567915b233) on port 17748
Only local connections are allowed.
log4j:WARN No appenders could be found for logger (org.apache.http.client.protocol.RequestAddCookies).
log4j:WARN Please initialize the log4j system properly.
Dec 01, 2017 12:02:50 PM org.openqa.selenium.remote.ProtocolHandshake createSession
INFO: Detected dialect: OSS
]]></system-err>
  </testcase>
  <testcase name="setUp" classname="com.pointrlab.testscript.LoginScript" time="0">
    <skipped/>
  </testcase>
  <testcase name="setUp" classname="com.pointrlab.testscript.LoginScript" time="0">
    <skipped/>
  </testcase>
  <testcase name="setUp" classname="com.pointrlab.testscript.LoginScript" time="0">
    <skipped/>
  </testcase>
  <testcase name="test01_Login_And_LogOut_With_Valid_Username_And_Password" classname="com.pointrlab.testscript.LoginScript" time="0">
    <skipped/>
  </testcase>
  <testcase name="captureScreenShot" classname="com.pointrlab.testscript.LoginScript" time="0">
    <skipped/>
  </testcase>
  <testcase name="captureScreenShot" classname="com.pointrlab.testscript.LoginScript" time="0">
    <skipped/>
  </testcase>
  <testcase name="captureScreenShot" classname="com.pointrlab.testscript.LoginScript" time="0">
    <skipped/>
  </testcase>
  <testcase name="captureScreenShot" classname="com.pointrlab.testscript.LoginScript" time="0">
    <skipped/>
  </testcase>
  <testcase name="test02_Login_With_Blank_Username_And_Password" classname="com.pointrlab.testscript.LoginScript" time="0">
    <skipped/>
  </testcase>
  <testcase name="test03_Login_With_Invalid_Username_And_Valid_Password" classname="com.pointrlab.testscript.LoginScript" time="0">
    <skipped/>
  </testcase>
  <testcase name="test04_Login_With_Valid_Username_And_Invalid_Password" classname="com.pointrlab.testscript.LoginScript" time="0">
    <skipped/>
  </testcase>
  <testcase name="afterMainMethod" classname="com.pointrlab.testscript.LoginScript" time="0">
    <skipped/>
  </testcase>
  <testcase name="setUp" classname="com.pointrlab.testscript.UserManagement" time="0">
    <skipped/>
  </testcase>
  <testcase name="setUp" classname="com.pointrlab.testscript.UserManagement" time="0">
    <skipped/>
  </testcase>
  <testcase name="setUp" classname="com.pointrlab.testscript.UserManagement" time="0">
    <skipped/>
  </testcase>
  <testcase name="setUp" classname="com.pointrlab.testscript.UserManagement" time="0">
    <skipped/>
  </testcase>
  <testcase name="setUp" classname="com.pointrlab.testscript.UserManagement" time="0">
    <skipped/>
  </testcase>
  <testcase name="setUp" classname="com.pointrlab.testscript.UserManagement" time="0">
    <skipped/>
  </testcase>
  <testcase name="setUp" classname="com.pointrlab.testscript.UserManagement" time="0">
    <skipped/>
  </testcase>
  <testcase name="setUp" classname="com.pointrlab.testscript.UserManagement" time="0">
    <skipped/>
  </testcase>
  <testcase name="setUp" classname="com.pointrlab.testscript.UserManagement" time="0">
    <skipped/>
  </testcase>
  <testcase name="test01_AddNewRole" classname="com.pointrlab.testscript.UserManagement" time="0">
    <skipped/>
  </testcase>
  <testcase name="captureScreenShot" classname="com.pointrlab.testscript.UserManagement" time="0">
    <skipped/>
  </testcase>
  <testcase name="captureScreenShot" classname="com.pointrlab.testscript.UserManagement" time="0">
    <skipped/>
  </testcase>
  <testcase name="captureScreenShot" classname="com.pointrlab.testscript.UserManagement" time="0">
    <skipped/>
  </testcase>
  <testcase name="captureScreenShot" classname="com.pointrlab.testscript.UserManagement" time="0">
    <skipped/>
  </testcase>
  <testcase name="captureScreenShot" classname="com.pointrlab.testscript.UserManagement" time="0">
    <skipped/>
  </testcase>
  <testcase name="captureScreenShot" classname="com.pointrlab.testscript.UserManagement" time="0">
    <skipped/>
  </testcase>
  <testcase name="captureScreenShot" classname="com.pointrlab.testscript.UserManagement" time="0">
    <skipped/>
  </testcase>
  <testcase name="captureScreenShot" classname="com.pointrlab.testscript.UserManagement" time="0">
    <skipped/>
  </testcase>
  <testcase name="captureScreenShot" classname="com.pointrlab.testscript.UserManagement" time="0">
    <skipped/>
  </testcase>
  <testcase name="test02_AddNewUser" classname="com.pointrlab.testscript.UserManagement" time="0">
    <skipped/>
  </testcase>
  <testcase name="test03_VerifyUserIsAbleToIncludeActivities" classname="com.pointrlab.testscript.UserManagement" time="0">
    <skipped/>
  </testcase>
  <testcase name="test04_VerifyUserIsAbleToExcludeActivities" classname="com.pointrlab.testscript.UserManagement" time="0">
    <skipped/>
  </testcase>
  <testcase name="test05_VerifyUserIsAbleToAddFacilityForUser" classname="com.pointrlab.testscript.UserManagement" time="0">
    <skipped/>
  </testcase>
  <testcase name="test06_VerifyUserIsAbleToexcludeFacilityForUser" classname="com.pointrlab.testscript.UserManagement" time="0">
    <skipped/>
  </testcase>
  <testcase name="test07_VerifyUserIsAbleToUpdateNewlyCreatedUser" classname="com.pointrlab.testscript.UserManagement" time="0">
    <skipped/>
  </testcase>
  <testcase name="test08_VerifyAddedUserInFacilityManagement" classname="com.pointrlab.testscript.UserManagement" time="0">
    <skipped/>
  </testcase>
  <testcase name="test09_VerifyAddedRoleInUserManagement" classname="com.pointrlab.testscript.UserManagement" time="0">
    <skipped/>
  </testcase>
  <testcase name="afterMainMethod" classname="com.pointrlab.testscript.UserManagement" time="0">
    <skipped/>
  </testcase>
  <testcase name="setUp" classname="com.pointrlab.testscript.MapDesigner" time="0">
    <skipped/>
  </testcase>
  <testcase name="setUp" classname="com.pointrlab.testscript.MapDesigner" time="0">
    <skipped/>
  </testcase>
  <testcase name="setUp" classname="com.pointrlab.testscript.MapDesigner" time="0">
    <skipped/>
  </testcase>
  <testcase name="setUp" classname="com.pointrlab.testscript.MapDesigner" time="0">
    <skipped/>
  </testcase>
  <testcase name="setUp" classname="com.pointrlab.testscript.MapDesigner" time="0">
    <skipped/>
  </testcase>
  <testcase name="setUp" classname="com.pointrlab.testscript.MapDesigner" time="0">
    <skipped/>
  </testcase>
  <testcase name="setUp" classname="com.pointrlab.testscript.MapDesigner" time="0">
    <skipped/>
  </testcase>
  <testcase name="setUp" classname="com.pointrlab.testscript.MapDesigner" time="0">
    <skipped/>
  </testcase>
  <testcase name="setUp" classname="com.pointrlab.testscript.MapDesigner" time="0">
    <skipped/>
  </testcase>
  <testcase name="setUp" classname="com.pointrlab.testscript.MapDesigner" time="0">
    <skipped/>
  </testcase>
  <testcase name="setUp" classname="com.pointrlab.testscript.MapDesigner" time="0">
    <skipped/>
  </testcase>
  <testcase name="setUp" classname="com.pointrlab.testscript.MapDesigner" time="0">
    <skipped/>
  </testcase>
  <testcase name="setUp" classname="com.pointrlab.testscript.MapDesigner" time="0">
    <skipped/>
  </testcase>
  <testcase name="setUp" classname="com.pointrlab.testscript.MapDesigner" time="0">
    <skipped/>
  </testcase>
  <testcase name="setUp" classname="com.pointrlab.testscript.MapDesigner" time="0">
    <skipped/>
  </testcase>
  <testcase name="setUp" classname="com.pointrlab.testscript.MapDesigner" time="0">
    <skipped/>
  </testcase>
  <testcase name="setUp" classname="com.pointrlab.testscript.MapDesigner" time="0">
    <skipped/>
  </testcase>
  <testcase name="setUp" classname="com.pointrlab.testscript.MapDesigner" time="0">
    <skipped/>
  </testcase>
  <testcase name="setUp" classname="com.pointrlab.testscript.MapDesigner" time="0">
    <skipped/>
  </testcase>
  <testcase name="setUp" classname="com.pointrlab.testscript.MapDesigner" time="0">
    <skipped/>
  </testcase>
  <testcase name="test01_VerifyDrawingIconsAreAvailable" classname="com.pointrlab.testscript.MapDesigner" time="0">
    <skipped/>
  </testcase>
  <testcase name="captureScreenShot" classname="com.pointrlab.testscript.MapDesigner" time="0">
    <skipped/>
  </testcase>
  <testcase name="captureScreenShot" classname="com.pointrlab.testscript.MapDesigner" time="0">
    <skipped/>
  </testcase>
  <testcase name="captureScreenShot" classname="com.pointrlab.testscript.MapDesigner" time="0">
    <skipped/>
  </testcase>
  <testcase name="captureScreenShot" classname="com.pointrlab.testscript.MapDesigner" time="0">
    <skipped/>
  </testcase>
  <testcase name="captureScreenShot" classname="com.pointrlab.testscript.MapDesigner" time="0">
    <skipped/>
  </testcase>
  <testcase name="captureScreenShot" classname="com.pointrlab.testscript.MapDesigner" time="0">
    <skipped/>
  </testcase>
  <testcase name="captureScreenShot" classname="com.pointrlab.testscript.MapDesigner" time="0">
    <skipped/>
  </testcase>
  <testcase name="captureScreenShot" classname="com.pointrlab.testscript.MapDesigner" time="0">
    <skipped/>
  </testcase>
  <testcase name="captureScreenShot" classname="com.pointrlab.testscript.MapDesigner" time="0">
    <skipped/>
  </testcase>
  <testcase name="captureScreenShot" classname="com.pointrlab.testscript.MapDesigner" time="0">
    <skipped/>
  </testcase>
  <testcase name="captureScreenShot" classname="com.pointrlab.testscript.MapDesigner" time="0">
    <skipped/>
  </testcase>
  <testcase name="captureScreenShot" classname="com.pointrlab.testscript.MapDesigner" time="0">
    <skipped/>
  </testcase>
  <testcase name="captureScreenShot" classname="com.pointrlab.testscript.MapDesigner" time="0">
    <skipped/>
  </testcase>
  <testcase name="captureScreenShot" classname="com.pointrlab.testscript.MapDesigner" time="0">
    <skipped/>
  </testcase>
  <testcase name="captureScreenShot" classname="com.pointrlab.testscript.MapDesigner" time="0">
    <skipped/>
  </testcase>
  <testcase name="captureScreenShot" classname="com.pointrlab.testscript.MapDesigner" time="0">
    <skipped/>
  </testcase>
  <testcase name="captureScreenShot" classname="com.pointrlab.testscript.MapDesigner" time="0">
    <skipped/>
  </testcase>
  <testcase name="captureScreenShot" classname="com.pointrlab.testscript.MapDesigner" time="0">
    <skipped/>
  </testcase>
  <testcase name="captureScreenShot" classname="com.pointrlab.testscript.MapDesigner" time="0">
    <skipped/>
  </testcase>
  <testcase name="captureScreenShot" classname="com.pointrlab.testscript.MapDesigner" time="0">
    <skipped/>
  </testcase>
  <testcase name="test02_VerifyUserIsAbleToAddPolygonOnSolidWallLayer" classname="com.pointrlab.testscript.MapDesigner" time="0">
    <skipped/>
  </testcase>
  <testcase name="test03_VerifyUserIsAbleToAddPolygonOnTransparentWallLayer" classname="com.pointrlab.testscript.MapDesigner" time="0">
    <skipped/>
  </testcase>
  <testcase name="test04_VerifyUserIsAbleToUpdateAddedPolygonOnSolidWallLayer" classname="com.pointrlab.testscript.MapDesigner" time="0">
    <skipped/>
  </testcase>
  <testcase name="test05_VerifyUserIsAbleToUpdateAddedPolygonOnTransparentWallLayer" classname="com.pointrlab.testscript.MapDesigner" time="0">
    <skipped/>
  </testcase>
  <testcase name="test06_VerifyUserIsAbleToAddPolygonOnZoneLayer" classname="com.pointrlab.testscript.MapDesigner" time="0">
    <skipped/>
  </testcase>
  <testcase name="test07_VerifyUserIsAbleToUpdateAddedPolygonOnZoneLayer" classname="com.pointrlab.testscript.MapDesigner" time="0">
    <skipped/>
  </testcase>
  <testcase name="test08_VerifyUserIsAbleToAddPolygonOnAssetTriggerLayer" classname="com.pointrlab.testscript.MapDesigner" time="0">
    <skipped/>
  </testcase>
  <testcase name="test09_VerifyUserIsAbleToUpdateAddedPolygonOnAssetTriggerLayer" classname="com.pointrlab.testscript.MapDesigner" time="0">
    <skipped/>
  </testcase>
  <testcase name="test10_VerifyUserIsAbleToAddPolygonOnExternalTriggerLayer" classname="com.pointrlab.testscript.MapDesigner" time="0">
    <skipped/>
  </testcase>
  <testcase name="test11_VerifyUserIsAbleToUpdateAddedPolygonOnExternalTriggerLayer" classname="com.pointrlab.testscript.MapDesigner" time="0">
    <skipped/>
  </testcase>
  <testcase name="test12_VerifyUserIsAbleToAddRectangleOnTransparentWallLayer" classname="com.pointrlab.testscript.MapDesigner" time="0">
    <skipped/>
  </testcase>
  <testcase name="test13_VerifyUserIsAbleToAddRectangleSolidWallLayer" classname="com.pointrlab.testscript.MapDesigner" time="0">
    <skipped/>
  </testcase>
  <testcase name="test14_VerifyUserIsAbleToAddRectangleOnZoneLayer" classname="com.pointrlab.testscript.MapDesigner" time="0">
    <skipped/>
  </testcase>
  <testcase name="test15_VerifyUserIsAbleToUpdateAddedRectangleOnSolidWallLayer" classname="com.pointrlab.testscript.MapDesigner" time="0">
    <skipped/>
  </testcase>
  <testcase name="test16_VerifyUserIsAbleToUpdateAddedRectangleOnTransparentWallLayer" classname="com.pointrlab.testscript.MapDesigner" time="0">
    <skipped/>
  </testcase>
  <testcase name="test17_VerifyUserIsAbleToUpdateAddedRectangleOnZoneLayer" classname="com.pointrlab.testscript.MapDesigner" time="0">
    <skipped/>
  </testcase>
  <testcase name="test18_VerifyUserIsAbleToAddRectangleOnAssetTriggerLayer" classname="com.pointrlab.testscript.MapDesigner" time="0">
    <skipped/>
  </testcase>
  <testcase name="test19_VerifyUserIsAbleToAddRectangleOnExternalTriggerLayer" classname="com.pointrlab.testscript.MapDesigner" time="0">
    <skipped/>
  </testcase>
  <testcase name="test20_VerifyUserIsAbleToAddRectangleOnTriggerLayer" classname="com.pointrlab.testscript.MapDesigner" time="0">
    <skipped/>
  </testcase>
  <testcase name="afterMainMethod" classname="com.pointrlab.testscript.MapDesigner" time="0">
    <skipped/>
  </testcase>
  <testcase name="tearDownSuite" classname="com.pointrlab.testscript.UserManagement" time="0">
    <skipped/>
  </testcase>
</testsuite>